MPASM  5.51                        SOTO11.ASM   2-10-2025  17:15:23         PAGE  1


LOC  OBJECT CODE     LINE SOURCE TEXT
  VALUE

                      00001 ;Soto
                      00002 
                      00003 ;Alejandro
                      00004 
                      00005 ;7 de Febrero de 2025
                      00006 
Warning[205]: Found directive in column 1. (list)
                      00007 list p=16f84    ;Directivas de compilador
Warning[205]: Found directive in column 1. (include)
                      00008 include <p16F84.inc>    ;Son instrucciones especificas, en el caso de esta linea incluimos una libreria
                      00001         LIST
                      00002 
                      00003 ;==========================================================================
                      00004 ;  MPASM PIC16F84 processor include
                      00005 ; 
                      00006 ;  (c) Copyright 1999-2013 Microchip Technology, All rights reserved
                      00007 ;==========================================================================
                      00008 
Message[301]: MESSAGE: (Processor-header file mismatch.  Verify selected processor.)
                      00206         LIST
Warning[205]: Found directive in column 1. (__CONFIG)
2007   3FF3           00009 __CONFIG _RC_OSC & _WDT_OFF & _PWRTE_ON ;Se configura el registro de configuracion, en este caso utiliza
                            mos 
                      00010                                                                                 ;Un oscilador con resist
                            encia y condensador, desactivamos el watchdog
                      00011                                                                                 ;Y deja encendido el Pow
                            er Up Timer   
                      00012 
                      00013 ;-------------------------Codigo ensamblador empieza aqui ------------------------
                      00014 
  0000001F            00015 j       equ     h'1F'   ;En esta linea de codigo se define una variable 'j' en la direccion 1F dentro de
                             la memoria
  0000001E            00016 k       equ     h'1E'   ;Esta linea hace lo mismo que la de arriba, define la variable 'k'
                      00017         org     0       ;Esta es una directiva de ensamblador, inidica que la siguiente seccion del codi
                            go debe ubicarse en la direccion de memoria 0
                      00018         
0000   3000           00019         movlw   b'00000000' ;Carga el valor binario al registro de trabajo W
Warning[224]: Use of this instruction is not recommended.
0001   0066           00020         tris    PORTB   ;Configura los pines del puerto B en base a los valores contenidos en el registr
                            o W
0002   3001           00021         movlw   b'00000001'     ;Carga el valor binarios al registro W
0003   0086           00022         movwf   PORTB   ;Copia el valor del registro W al PORTB
0004   2???           00023         goto    mloop
0005   2???           00024         goto    interrupciones
                      00025 
0006   0D86           00026 mloop: rlf      PORTB,f ;Rota el bit del menos significativo al mas significativo
                      00027         
0007   3032           00028            movlw        d'50'   ;Carga este valor decimal al registro W
0008   009F           00029            movwf        j       ;Copia el valor del registro W a la variable 'j'
0009   009E           00030 jloop   movwf   k       ;Se asigna la etiqueta jloop y se copia el valor del registro W a la variable 'k
                            '
000A   0B9E           00031 kloop   decfsz  k,f     ;Decrementa k-1, esto es un ciclo, estructura de control. Recordemos que k cuent
                            a con el valor 50 en decimal,
MPASM  5.51                        SOTO11.ASM   2-10-2025  17:15:23         PAGE  2


LOC  OBJECT CODE     LINE SOURCE TEXT
  VALUE

                      00032                                         ;si el resultado es 0 salta a la siguiente instruccion
000B   2???           00033                 goto    kloop   ;Salta a la etiqueta 'kloop' mientra 'k' no sea 0
000C   0B9F           00034                 decfsz  j,f     ;Decrementa 'j' en 1, si el resultado es 0 salta a la siguiente instrucc
                            ion
000D   2???           00035                 goto    jloop ;Vuelve a la etiqueta 'jloop'
                      00036 
000E   2???           00037                 goto    mloop ;Salta a la etiqueta mloop, creando un bucle infinito
                      00038 
000F   0000           00039 interrupciones  nop
                      00040                 
3FF3                  00041                 end     
MPASM  5.51                        SOTO11.ASM   2-10-2025  17:15:23         PAGE  3


SYMBOL TABLE
  LABEL                             VALUE 

C                                 00000000
DC                                00000001
EEADR                             00000009
EECON1                            00000088
EECON2                            00000089
EEDATA                            00000008
EEIE                              00000006
EEIF                              00000004
F                                 00000001
FSR                               00000004
GIE                               00000007
INDF                              00000000
INTCON                            0000000B
INTE                              00000004
INTEDG                            00000006
INTF                              00000001
IRP                               00000007
NOT_PD                            00000003
NOT_RBPU                          00000007
NOT_TO                            00000004
OPTION_REG                        00000081
PCL                               00000002
PCLATH                            0000000A
PORTA                             00000005
PORTB                             00000006
PS0                               00000000
PS1                               00000001
PS2                               00000002
PSA                               00000003
RA0                               00000000
RA1                               00000001
RA2                               00000002
RA3                               00000003
RA4                               00000004
RB0                               00000000
RB1                               00000001
RB2                               00000002
RB3                               00000003
RB4                               00000004
RB5                               00000005
RB6                               00000006
RB7                               00000007
RBIE                              00000003
RBIF                              00000000
RD                                00000000
RP0                               00000005
RP1                               00000006
STATUS                            00000003
T0CS                              00000005
T0IE                              00000005
T0IF                              00000002
T0SE                              00000004
TMR0                              00000001
MPASM  5.51                        SOTO11.ASM   2-10-2025  17:15:23         PAGE  4


SYMBOL TABLE
  LABEL                             VALUE 

TMR0IE                            00000005
TMR0IF                            00000002
TRISA                             00000085
TRISA0                            00000000
TRISA1                            00000001
TRISA2                            00000002
TRISA3                            00000003
TRISA4                            00000004
TRISB                             00000086
TRISB0                            00000000
TRISB1                            00000001
TRISB2                            00000002
TRISB3                            00000003
TRISB4                            00000004
TRISB5                            00000005
TRISB6                            00000006
TRISB7                            00000007
W                                 00000000
WR                                00000001
WREN                              00000002
WRERR                             00000003
Z                                 00000002
_CONFIG                           00002007
_CP_OFF                           00003FFF
_CP_ON                            0000000F
_FOSC_EXTRC                       00003FFF
_FOSC_HS                          00003FFE
_FOSC_LP                          00003FFC
_FOSC_XT                          00003FFD
_HS_OSC                           00003FFE
_IDLOC0                           00002000
_IDLOC1                           00002001
_IDLOC2                           00002002
_IDLOC3                           00002003
_LP_OSC                           00003FFC
_PWRTE_OFF                        00003FFF
_PWRTE_ON                         00003FF7
_RC_OSC                           00003FFF
_WDTE_OFF                         00003FFB
_WDTE_ON                          00003FFF
_WDT_OFF                          00003FFB
_WDT_ON                           00003FFF
_XT_OSC                           00003FFD
__16F84A                          00000001
__DEBUG                           1
interrupciones                    0000000F
j                                 0000001F
jloop                             00000009
k                                 0000001E
kloop                             0000000A
mloop                             00000006

MPASM  5.51                        SOTO11.ASM   2-10-2025  17:15:23         PAGE  5





Errors   :     0
Warnings :     4 reported,     0 suppressed
Messages :     1 reported,     0 suppressed

