MPASM  5.51                      P24_SUMA.ASM   3-26-2025  17:23:49         PAGE  1


LOC  OBJECT CODE     LINE SOURCE TEXT
  VALUE

                      00001 ;************************ Proyecto: Práctica 2.4 Suma de NIBBLES ***************************************
                            ***********
                      00002 ; Instituto Tecnológico Chihuahua 2
                      00003 ; Materia: Lenguaje de Interfacez 
                      00004 ; Autores: 
                      00005 ; - Adan Gerardo Trejo Garcia
                      00006 ; - Alejandro Soto Aguirre
                      00007 ; - Azul Siret Cordero  Gonzalez
                      00008 ; Fecha de Realizacion: 25/03/25 
                      00009 
                      00010 ;
                      00011 
                      00012 ;================================ ZONA DE DATOS ========================================================
                            ===========
                      00013         LIST    P=16F84A            ; Especifica que el microcontrolador utilizado
                      00014         INCLUDE "P16F84a.INC"       ; Incluye el archivo de definiciones del PIC16F84A
                      00001         LIST
                      00002 
                      00003 ;==========================================================================
                      00004 ;  MPASM PIC16F84A processor include
                      00005 ; 
                      00006 ;  (c) Copyright 1999-2013 Microchip Technology, All rights reserved
                      00007 ;==========================================================================
                      00008 
                      00208         LIST
                      00015 
2007   3FF1           00016         __CONFIG _CP_OFF & _WDT_OFF & _PWRTE_ON & _XT_OSC  ; Configuracion del grabador del microcontrol
                            ador:
                      00017                             ; _CP_OFF: Desactiva la protección de código
                      00018                             ; _WDT_OFF: Desactiva el Watchdog Timer
                      00019                             ; _PWRTE_ON: Habilita el Power-Up Timer
                      00020                             ; _XT_OSC: Configura el oscilador en modo XT (cristal)
                      00021 
                      00022 
                      00023 ;================================= ZONA DE CODIGO ======================================================
                            =============
                      00024 ; Variables
  0000000C            00025 TEMP        EQU 0x0C    ; Almacena entrada PORTB
  0000000D            00026 LOW_NIBBLE  EQU 0x0D    ; Nibble bajo
  0000000E            00027 SUMA_TEMP   EQU 0x0E    ; Resultado temporal
  0000000F            00028 CARRY       EQU 0x0F    ; Bandera de carry
  00000010            00029 DELAY1      EQU 0x10    ; Variable para delay
  00000011            00030 DELAY2      EQU 0x11    ; Variable para delay
                      00031 
                      00032 ; Vector de reset
                      00033     ORG 0x00
0000   2???           00034     GOTO INICIO
                      00035 
                      00036 ; Vector de interrupción (no usado)
                      00037     ORG 0x04
0004   0009           00038     RETFIE
                      00039 
                      00040 ; Programa principal
MPASM  5.51                      P24_SUMA.ASM   3-26-2025  17:23:49         PAGE  2


LOC  OBJECT CODE     LINE SOURCE TEXT
  VALUE

0005                  00041 INICIO
0005   1683           00042     BANKSEL TRISB        ; Banco 1
0006   30FF           00043     MOVLW   0xFF         ; PORTB como entrada
Message[302]: Register in operand not in bank 0.  Ensure that bank bits are correct.
0007   0086           00044     MOVWF   TRISB
Message[302]: Register in operand not in bank 0.  Ensure that bank bits are correct.
0008   0185           00045     CLRF    TRISA        ; PORTA como salida
0009   1283           00046     BANKSEL PORTA        ; Banco 0
                      00047 
000A                  00048 BUCLE
                      00049     ; Leer PORTB y extraer nibbles
000A   0806           00050     MOVF    PORTB, W
000B   008C           00051     MOVWF   TEMP
                      00052 
                      00053     ; Nibble bajo (RB0-RB3)
000C   390F           00054     ANDLW   0x0F
000D   008D           00055     MOVWF   LOW_NIBBLE
                      00056 
                      00057     ; Nibble alto (RB4-RB7)
000E   0E0C           00058     SWAPF   TEMP, W
000F   390F           00059     ANDLW   0x0F
0010   008E           00060     MOVWF   SUMA_TEMP
                      00061 
                      00062     ; Sumar nibbles
0011   070D           00063     ADDWF   LOW_NIBBLE, W
0012   008E           00064     MOVWF   SUMA_TEMP
                      00065 
                      00066     ; Calcular carry (suma >= 16)
0013   3010           00067     MOVLW   0x10
0014   020E           00068     SUBWF   SUMA_TEMP, W
0015   3001           00069     MOVLW   0x01         ; Asumir carry=1
0016   1C03           00070     BTFSS   STATUS, C    ; Si C=1 (suma >=16)
0017   3000           00071     MOVLW   0x00         ; Si no, carry=0
0018   008F           00072     MOVWF   CARRY
                      00073 
                      00074     ; Calcular suma real (0-15)
0019   1C03           00075     BTFSS   STATUS, C
001A   2???           00076     GOTO    NO_CARRY
001B   3010           00077     MOVLW   0x10
001C   020E           00078     SUBWF   SUMA_TEMP, W
001D   2???           00079         GOTO    CONTINUE
001E                  00080 NO_CARRY:
001E   080E           00081     MOVF        SUMA_TEMP, W
001F                  00082 CONTINUE:
001F   390F           00083         ANDLW   0x0F
                      00084 
                      00085     ; Mapear bits a RA0-RA3
0020   008C           00086     MOVWF   TEMP
0021   0185           00087     CLRF    PORTA        ; Limpiar PORTA
                      00088 
                      00089     ; Bit 0 ? RA0 (pin 17)
0022   180C           00090     BTFSC   TEMP, 0
0023   1405           00091     BSF     PORTA, 0
MPASM  5.51                      P24_SUMA.ASM   3-26-2025  17:23:49         PAGE  3


LOC  OBJECT CODE     LINE SOURCE TEXT
  VALUE

                      00092 
                      00093     ; Bit 1 ? RA1 (pin 18)
0024   188C           00094     BTFSC   TEMP, 1
0025   1485           00095     BSF     PORTA, 1
                      00096 
                      00097     ; Bit 2 ? RA2 (pin 1)
0026   190C           00098     BTFSC   TEMP, 2
0027   1505           00099     BSF     PORTA, 2
                      00100 
                      00101     ; Bit 3 ? RA3 (pin 2)
0028   198C           00102     BTFSC   TEMP, 3
0029   1585           00103     BSF     PORTA, 3
                      00104 
                      00105     ; Añadir carry a RA4 (pin 3)
002A   1C0F           00106     BTFSS   CARRY, 0     ; Si carry=1, RA4=0 (LED encendido)
002B   1605           00107     BSF     PORTA, 4     ; Si carry=0, RA4=1 (LED apagado)
                      00108 
                      00109     ; Delay para evitar parpadeo (˜10ms)
002C   2???           00110     CALL    Retardo_10ms
002D   2???           00111     GOTO    BUCLE
                      00112 
Warning[205]: Found directive in column 1. (INCLUDE)
                      00113 INCLUDE <RETARDOS.INC>
                      00001 ;**************************** Librer a "RETARDOS.INC" *********************************
                      00002 ;
                      00003 ;       ===================================================================
                      00004 ;         Del libro "MICROCONTROLADOR PIC16F84. DESARROLLO DE PROYECTOS"
                      00005 ;         E. Palacios, F. Remiro y L. L pez.
                      00006 ;         Editorial Ra-Ma.  www.ra-ma.es
                      00007 ;       ===================================================================
                      00008 ;
                      00009 ; Librer a con m ltiples subrutinas de retardos, desde 4 microsegundos hasta 20 segundos. 
                      00010 ; Adem s se pueden implementar otras subrutinas muy f cilmente.
                      00011 ;
                      00012 ; Se han calculado para un sistema microcontrolador con un PIC trabajando con un cristal
                      00013 ; de cuarzo a 4 MHz. Como cada ciclo m quina son 4 ciclos de reloj, resulta que cada
                      00014 ; ciclo m quina tarda 4 x 1/4MHz = 1  s.
                      00015 ;
                      00016 ; En los comentarios, "cm" significa "ciclos m quina".
                      00017 ;
                      00018 ; ZONA DE DATOS *********************************************************************
                      00019 
                      00020         CBLOCK  0x0C
  0000000C            00021         R_ContA                                 ; Contadores para los retardos.
  0000000D            00022         R_ContB 
  0000000E            00023         R_ContC 
                      00024         ENDC
                      00025 ;
                      00026 ; RETARDOS de 4 hasta 10 microsegundos ---------------------------------------------------
                      00027 ;
                      00028 ; A continuaci n retardos peque os teniendo en cuenta que para una frecuencia de 4 MHZ,
                      00029 ; la llamada a subrutina "call" tarda 2 ciclos m quina, el retorno de subrutina
                      00030 ; "return" toma otros 2 ciclos m quina y cada instrucci n "nop" tarda 1 ciclo m quina.
MPASM  5.51                      P24_SUMA.ASM   3-26-2025  17:23:49         PAGE  4


LOC  OBJECT CODE     LINE SOURCE TEXT
  VALUE

                      00031 ;
002E                  00032 Retardo_10micros                                ; La llamada "call" aporta 2 ciclos m quina.
002E   0000           00033         nop                             ; Aporta 1 ciclo m quina.
002F   0000           00034         nop                             ; Aporta 1 ciclo m quina.
0030   0000           00035         nop                             ; Aporta 1 ciclo m quina.
0031   0000           00036         nop                             ; Aporta 1 ciclo m quina.
0032   0000           00037         nop                             ; Aporta 1 ciclo m quina.
0033                  00038 Retardo_5micros                         ; La llamada "call" aporta 2 ciclos m quina.
0033   0000           00039         nop                             ; Aporta 1 ciclo m quina.
0034                  00040 Retardo_4micros                         ; La llamada "call" aporta 2 ciclos m quina.
0034   0008           00041         return                          ; El salto del retorno aporta 2 ciclos m quina.
                      00042 ;
                      00043 ; RETARDOS de 20 hasta 500 microsegundos ------------------------------------------------
                      00044 ;
0035                  00045 Retardo_500micros                               ; La llamada "call" aporta 2 ciclos m quina.
0035   0000           00046         nop                             ; Aporta 1 ciclo m quina.
0036   30A4           00047         movlw   d'164'                  ; Aporta 1 ciclo m quina. Este es el valor de "K".
0037   2???           00048         goto    RetardoMicros           ; Aporta 2 ciclos m quina.
0038                  00049 Retardo_200micros                               ; La llamada "call" aporta 2 ciclos m quina.
0038   0000           00050         nop                             ; Aporta 1 ciclo m quina.
0039   3040           00051         movlw   d'64'                   ; Aporta 1 ciclo m quina. Este es el valor de "K".
003A   2???           00052         goto    RetardoMicros           ; Aporta 2 ciclos m quina.
003B                  00053 Retardo_100micros                               ; La llamada "call" aporta 2 ciclos m quina.
003B   301F           00054         movlw   d'31'                   ; Aporta 1 ciclo m quina. Este es el valor de "K".
003C   2???           00055         goto    RetardoMicros           ; Aporta 2 ciclos m quina.
003D                  00056 Retardo_50micros                                ; La llamada "call" aporta 2 ciclos m quina.
003D   0000           00057         nop                             ; Aporta 1 ciclo m quina.
003E   300E           00058         movlw   d'14'                   ; Aporta 1 ciclo m quina. Este es el valor de "K".
003F   2???           00059         goto    RetardoMicros           ; Aporta 2 ciclos m quina.
0040                  00060 Retardo_20micros                                ; La llamada "call" aporta 2 ciclos m quina.
0040   3005           00061         movlw   d'5'                    ; Aporta 1 ciclo m quina. Este es el valor de "K".
                      00062 ;
                      00063 ; El pr ximo bloque "RetardoMicros" tarda:
                      00064 ; 1 + (K-1) + 2 + (K-1)x2 + 2 = (2 + 3K) ciclos m quina.
                      00065 ;
0041                  00066 RetardoMicros
0041   008C           00067         movwf   R_ContA                 ; Aporta 1 ciclo m quina.
0042                  00068 Rmicros_Bucle
0042   0B8C           00069         decfsz  R_ContA,F               ; (K-1)x1 cm (cuando no salta) + 2 cm (al saltar).
0043   2???           00070         goto    Rmicros_Bucle           ; Aporta (K-1)x2 ciclos m quina.
0044   0008           00071         return                          ; El salto del retorno aporta 2 ciclos m quina.
                      00072 ;
                      00073 ;En total estas subrutinas tardan:
                      00074 ; - Retardo_500micros:  2 + 1 + 1 + 2 + (2 + 3K) = 500 cm = 500  s. (para K=164 y 4 MHz).
                      00075 ; - Retardo_200micros:  2 + 1 + 1 + 2 + (2 + 3K) = 200 cm = 200  s. (para K= 64 y 4 MHz).
                      00076 ; - Retardo_100micros:  2     + 1 + 2 + (2 + 3K) = 100 cm = 100  s. (para K= 31 y 4 MHz).
                      00077 ; - Retardo_50micros :  2 + 1 + 1 + 2 + (2 + 3K) =  50 cm =  50  s. (para K= 14 y 4 MHz).
                      00078 ; - Retardo_20micros :  2     + 1     + (2 + 3K) =  20 cm =  20  s. (para K=  5 y 4 MHz).
                      00079 ;
                      00080 ; RETARDOS de 1 ms hasta 200 ms. --------------------------------------------------------
                      00081 ;
0045                  00082 Retardo_200ms                           ; La llamada "call" aporta 2 ciclos m quina.
0045   30C8           00083         movlw   d'200'                  ; Aporta 1 ciclo m quina. Este es el valor de "M".
MPASM  5.51                      P24_SUMA.ASM   3-26-2025  17:23:49         PAGE  5


LOC  OBJECT CODE     LINE SOURCE TEXT
  VALUE

0046   2???           00084         goto    Retardos_ms             ; Aporta 2 ciclos m quina.
0047                  00085 Retardo_100ms                           ; La llamada "call" aporta 2 ciclos m quina.
0047   3064           00086         movlw   d'100'                  ; Aporta 1 ciclo m quina. Este es el valor de "M".
0048   2???           00087         goto    Retardos_ms             ; Aporta 2 ciclos m quina.
0049                  00088 Retardo_50ms                            ; La llamada "call" aporta 2 ciclos m quina.
0049   3032           00089         movlw   d'50'                   ; Aporta 1 ciclo m quina. Este es el valor de "M".
004A   2???           00090         goto    Retardos_ms             ; Aporta 2 ciclos m quina.
004B                  00091 Retardo_20ms                            ; La llamada "call" aporta 2 ciclos m quina.
004B   3014           00092         movlw   d'20'                   ; Aporta 1 ciclo m quina. Este es el valor de "M".
004C   2???           00093         goto    Retardos_ms             ; Aporta 2 ciclos m quina.
004D                  00094 Retardo_10ms                            ; La llamada "call" aporta 2 ciclos m quina.
004D   300A           00095         movlw   d'10'                   ; Aporta 1 ciclo m quina. Este es el valor de "M".
004E   2???           00096         goto    Retardos_ms             ; Aporta 2 ciclos m quina.
004F                  00097 Retardo_5ms                             ; La llamada "call" aporta 2 ciclos m quina.
004F   3005           00098         movlw   d'5'                    ; Aporta 1 ciclo m quina. Este es el valor de "M".
0050   2???           00099         goto    Retardos_ms             ; Aporta 2 ciclos m quina.
0051                  00100 Retardo_2ms                             ; La llamada "call" aporta 2 ciclos m quina.
0051   3002           00101         movlw   d'2'                    ; Aporta 1 ciclo m quina. Este es el valor de "M".
0052   2???           00102         goto    Retardos_ms             ; Aporta 2 ciclos m quina.
0053                  00103 Retardo_1ms                             ; La llamada "call" aporta 2 ciclos m quina.
0053   3001           00104         movlw   d'1'                    ; Aporta 1 ciclo m quina. Este es el valor de "M".
                      00105 ;
                      00106 ; El pr ximo bloque "Retardos_ms" tarda:
                      00107 ; 1 + M + M + KxM + (K-1)xM + Mx2 + (K-1)Mx2 + (M-1) + 2 + (M-1)x2 + 2 =
                      00108 ; = (2 + 4M + 4KM) ciclos m quina. Para K=249 y M=1 supone 1002 ciclos m quina
                      00109 ; que a 4 MHz son 1002  s = 1 ms.
                      00110 ;
0054                  00111 Retardos_ms
0054   008D           00112         movwf   R_ContB                 ; Aporta 1 ciclo m quina.
0055                  00113 R1ms_BucleExterno
0055   30F9           00114         movlw   d'249'                  ; Aporta Mx1 ciclos m quina. Este es el valor de "K".
0056   008C           00115         movwf   R_ContA                 ; Aporta Mx1 ciclos m quina.
0057                  00116 R1ms_BucleInterno
0057   0000           00117         nop                             ; Aporta KxMx1 ciclos m quina.
0058   0B8C           00118         decfsz  R_ContA,F               ; (K-1)xMx1 cm (cuando no salta) + Mx2 cm (al saltar).
0059   2???           00119         goto    R1ms_BucleInterno               ; Aporta (K-1)xMx2 ciclos m quina.
005A   0B8D           00120         decfsz  R_ContB,F               ; (M-1)x1 cm (cuando no salta) + 2 cm (al saltar).
005B   2???           00121         goto    R1ms_BucleExterno       ; Aporta (M-1)x2 ciclos m quina.
005C   0008           00122         return                          ; El salto del retorno aporta 2 ciclos m quina.
                      00123 ;
                      00124 ;En total estas subrutinas tardan:
                      00125 ; - Retardo_200ms:      2 + 1 + 2 + (2 + 4M + 4KM) = 200007 cm = 200 ms. (M=200 y K=249).
                      00126 ; - Retardo_100ms:      2 + 1 + 2 + (2 + 4M + 4KM) = 100007 cm = 100 ms. (M=100 y K=249).
                      00127 ; - Retardo_50ms :      2 + 1 + 2 + (2 + 4M + 4KM) =  50007 cm =  50 ms. (M= 50 y K=249).
                      00128 ; - Retardo_20ms :      2 + 1 + 2 + (2 + 4M + 4KM) =  20007 cm =  20 ms. (M= 20 y K=249).
                      00129 ; - Retardo_10ms :      2 + 1 + 2 + (2 + 4M + 4KM) =  10007 cm =  10 ms. (M= 10 y K=249).
                      00130 ; - Retardo_5ms  :      2 + 1 + 2 + (2 + 4M + 4KM) =   5007 cm =   5 ms. (M=  5 y K=249).
                      00131 ; - Retardo_2ms  :      2 + 1 + 2 + (2 + 4M + 4KM) =   2007 cm =   2 ms. (M=  2 y K=249).
                      00132 ; - Retardo_1ms  :      2 + 1     + (2 + 4M + 4KM) =   1005 cm =   1 ms. (M=  1 y K=249).
                      00133 ;
                      00134 ; RETARDOS de 0.5 hasta 20 segundos ---------------------------------------------------
                      00135 ;
005D                  00136 Retardo_20s                             ; La llamada "call" aporta 2 ciclos m quina.
MPASM  5.51                      P24_SUMA.ASM   3-26-2025  17:23:49         PAGE  6


LOC  OBJECT CODE     LINE SOURCE TEXT
  VALUE

005D   30C8           00137         movlw   d'200'                  ; Aporta 1 ciclo m quina. Este es el valor de "N".
005E   2???           00138         goto    Retardo_1Decima         ; Aporta 2 ciclos m quina.
005F                  00139 Retardo_10s                             ; La llamada "call" aporta 2 ciclos m quina.
005F   3064           00140         movlw   d'100'                  ; Aporta 1 ciclo m quina. Este es el valor de "N".
0060   2???           00141         goto    Retardo_1Decima         ; Aporta 2 ciclos m quina.
0061                  00142 Retardo_5s                              ; La llamada "call" aporta 2 ciclos m quina.
0061   3032           00143         movlw   d'50'                   ; Aporta 1 ciclo m quina. Este es el valor de "N".
0062   2???           00144         goto    Retardo_1Decima         ; Aporta 2 ciclos m quina.
0063                  00145 Retardo_2s                              ; La llamada "call" aporta 2 ciclos m quina.
0063   3014           00146         movlw   d'20'                   ; Aporta 1 ciclo m quina. Este es el valor de "N".
0064   2???           00147         goto    Retardo_1Decima         ; Aporta 2 ciclos m quina.
0065                  00148 Retardo_1s                              ; La llamada "call" aporta 2 ciclos m quina.
0065   300A           00149         movlw   d'10'                   ; Aporta 1 ciclo m quina. Este es el valor de "N".
0066   2???           00150         goto    Retardo_1Decima         ; Aporta 2 ciclos m quina.
0067                  00151 Retardo_500ms                           ; La llamada "call" aporta 2 ciclos m quina.
0067   3005           00152         movlw   d'5'                    ; Aporta 1 ciclo m quina. Este es el valor de "N".
                      00153 ;
                      00154 ; El pr ximo bloque "Retardo_1Decima" tarda:
                      00155 ; 1 + N + N + MxN + MxN + KxMxN + (K-1)xMxN + MxNx2 + (K-1)xMxNx2 +
                      00156 ;   + (M-1)xN + Nx2 + (M-1)xNx2 + (N-1) + 2 + (N-1)x2 + 2 =
                      00157 ; = (2 + 4M + 4MN + 4KM) ciclos m quina. Para K=249, M=100 y N=1 supone 100011
                      00158 ; ciclos m quina que a 4 MHz son 100011  s = 100 ms = 0,1 s = 1 d cima de segundo.
                      00159 ;
0068                  00160 Retardo_1Decima
0068   008E           00161         movwf   R_ContC                 ; Aporta 1 ciclo m quina.
0069                  00162 R1Decima_BucleExterno2
0069   3064           00163         movlw   d'100'                  ; Aporta Nx1 ciclos m quina. Este es el valor de "M".
006A   008D           00164         movwf   R_ContB                 ; Aporta Nx1 ciclos m quina.
006B                  00165 R1Decima_BucleExterno
006B   30F9           00166         movlw   d'249'                  ; Aporta MxNx1 ciclos m quina. Este es el valor de "K".
006C   008C           00167         movwf   R_ContA                 ; Aporta MxNx1 ciclos m quina.
006D                  00168 R1Decima_BucleInterno          
006D   0000           00169         nop                             ; Aporta KxMxNx1 ciclos m quina.
006E   0B8C           00170         decfsz  R_ContA,F               ; (K-1)xMxNx1 cm (si no salta) + MxNx2 cm (al saltar).
006F   2???           00171         goto    R1Decima_BucleInterno   ; Aporta (K-1)xMxNx2 ciclos m quina.
0070   0B8D           00172         decfsz  R_ContB,F               ; (M-1)xNx1 cm (cuando no salta) + Nx2 cm (al saltar).
0071   2???           00173         goto    R1Decima_BucleExterno   ; Aporta (M-1)xNx2 ciclos m quina.
0072   0B8E           00174         decfsz  R_ContC,F               ; (N-1)x1 cm (cuando no salta) + 2 cm (al saltar).
0073   2???           00175         goto    R1Decima_BucleExterno2  ; Aporta (N-1)x2 ciclos m quina.
0074   0008           00176         return                          ; El salto del retorno aporta 2 ciclos m quina.
                      00177 ;
                      00178 ;En total estas subrutinas tardan:
                      00179 ; - Retardo_20s:        2 + 1 + 2 + (2 + 4N + 4MN + 4KMN) = 20000807 cm = 20 s.
                      00180 ;                       (N=200, M=100 y K=249).
                      00181 ; - Retardo_10s:        2 + 1 + 2 + (2 + 4N + 4MN + 4KMN) = 10000407 cm = 10 s.
                      00182 ;                       (N=100, M=100 y K=249).
                      00183 ; - Retardo_5s:         2 + 1 + 2 + (2 + 4N + 4MN + 4KMN) =  5000207 cm =  5 s.
                      00184 ;                       (N= 50, M=100 y K=249).
                      00185 ; - Retardo_2s:         2 + 1 + 2 + (2 + 4N + 4MN + 4KMN) =  2000087 cm =  2 s.
                      00186 ;                       (N= 20, M=100 y K=249).
                      00187 ; - Retardo_1s:         2 + 1 + 2 + (2 + 4N + 4MN + 4KMN) =  1000047 cm =  1 s.
                      00188 ;                       (N= 10, M=100 y K=249).
                      00189 ; - Retardo_500ms:      2 + 1     + (2 + 4N + 4MN + 4KMN) =   500025 cm = 0,5 s.
MPASM  5.51                      P24_SUMA.ASM   3-26-2025  17:23:49         PAGE  7


LOC  OBJECT CODE     LINE SOURCE TEXT
  VALUE

                      00190 ;                       (N=  5, M=100 y K=249).
                      00191 
                      00192 ;       ===================================================================
                      00193 ;         Del libro "MICROCONTROLADOR PIC16F84. DESARROLLO DE PROYECTOS"
                      00194 ;         E. Palacios, F. Remiro y L. L pez.
                      00195 ;         Editorial Ra-Ma.  www.ra-ma.es
                      00196 ;       =====================================================
                      00114 
3FF1                  00115     END
MPASM  5.51                      P24_SUMA.ASM   3-26-2025  17:23:49         PAGE  8


SYMBOL TABLE
  LABEL                             VALUE 

BUCLE                             0000000A
C                                 00000000
CARRY                             0000000F
CONTINUE                          0000001F
DC                                00000001
DELAY1                            00000010
DELAY2                            00000011
EEADR                             00000009
EECON1                            00000088
EECON2                            00000089
EEDATA                            00000008
EEIE                              00000006
EEIF                              00000004
F                                 00000001
FSR                               00000004
GIE                               00000007
INDF                              00000000
INICIO                            00000005
INTCON                            0000000B
INTE                              00000004
INTEDG                            00000006
INTF                              00000001
IRP                               00000007
LOW_NIBBLE                        0000000D
NOT_PD                            00000003
NOT_RBPU                          00000007
NOT_TO                            00000004
NO_CARRY                          0000001E
OPTION_REG                        00000081
PCL                               00000002
PCLATH                            0000000A
PORTA                             00000005
PORTB                             00000006
PS0                               00000000
PS1                               00000001
PS2                               00000002
PSA                               00000003
R1Decima_BucleExterno             0000006B
R1Decima_BucleExterno2            00000069
R1Decima_BucleInterno             0000006D
R1ms_BucleExterno                 00000055
R1ms_BucleInterno                 00000057
RA0                               00000000
RA1                               00000001
RA2                               00000002
RA3                               00000003
RA4                               00000004
RB0                               00000000
RB1                               00000001
RB2                               00000002
RB3                               00000003
RB4                               00000004
RB5                               00000005
MPASM  5.51                      P24_SUMA.ASM   3-26-2025  17:23:49         PAGE  9


SYMBOL TABLE
  LABEL                             VALUE 

RB6                               00000006
RB7                               00000007
RBIE                              00000003
RBIF                              00000000
RD                                00000000
RP0                               00000005
RP1                               00000006
R_ContA                           0000000C
R_ContB                           0000000D
R_ContC                           0000000E
RetardoMicros                     00000041
Retardo_100micros                 0000003B
Retardo_100ms                     00000047
Retardo_10micros                  0000002E
Retardo_10ms                      0000004D
Retardo_10s                       0000005F
Retardo_1Decima                   00000068
Retardo_1ms                       00000053
Retardo_1s                        00000065
Retardo_200micros                 00000038
Retardo_200ms                     00000045
Retardo_20micros                  00000040
Retardo_20ms                      0000004B
Retardo_20s                       0000005D
Retardo_2ms                       00000051
Retardo_2s                        00000063
Retardo_4micros                   00000034
Retardo_500micros                 00000035
Retardo_500ms                     00000067
Retardo_50micros                  0000003D
Retardo_50ms                      00000049
Retardo_5micros                   00000033
Retardo_5ms                       0000004F
Retardo_5s                        00000061
Retardos_ms                       00000054
Rmicros_Bucle                     00000042
STATUS                            00000003
SUMA_TEMP                         0000000E
T0CS                              00000005
T0IE                              00000005
T0IF                              00000002
T0SE                              00000004
TEMP                              0000000C
TMR0                              00000001
TMR0IE                            00000005
TMR0IF                            00000002
TRISA                             00000085
TRISA0                            00000000
TRISA1                            00000001
TRISA2                            00000002
TRISA3                            00000003
TRISA4                            00000004
TRISB                             00000086
MPASM  5.51                      P24_SUMA.ASM   3-26-2025  17:23:49         PAGE 10


SYMBOL TABLE
  LABEL                             VALUE 

TRISB0                            00000000
TRISB1                            00000001
TRISB2                            00000002
TRISB3                            00000003
TRISB4                            00000004
TRISB5                            00000005
TRISB6                            00000006
TRISB7                            00000007
W                                 00000000
WR                                00000001
WREN                              00000002
WRERR                             00000003
Z                                 00000002
_CONFIG                           00002007
_CP_OFF                           00003FFF
_CP_ON                            0000000F
_DEVID1                           00002006
_FOSC_EXTRC                       00003FFF
_FOSC_HS                          00003FFE
_FOSC_LP                          00003FFC
_FOSC_XT                          00003FFD
_HS_OSC                           00003FFE
_IDLOC0                           00002000
_IDLOC1                           00002001
_IDLOC2                           00002002
_IDLOC3                           00002003
_LP_OSC                           00003FFC
_PWRTE_OFF                        00003FFF
_PWRTE_ON                         00003FF7
_RC_OSC                           00003FFF
_WDTE_OFF                         00003FFB
_WDTE_ON                          00003FFF
_WDT_OFF                          00003FFB
_WDT_ON                           00003FFF
_XT_OSC                           00003FFD
__16F84A                          00000001
__DEBUG                           1

Errors   :     0
Warnings :     1 reported,     0 suppressed
Messages :     2 reported,     0 suppressed

